<?xml version="1.0" encoding="UTF-8"?>
<!-- Generated by org.testng.reporters.JUnitReportReporter -->
<testsuite hostname="DESKTOP-HPNOI30" failures="0" tests="2" name="com.mbm.maven.AppTest" time="0.208" errors="0" timestamp="2023-02-07T16:04:52 IST" skipped="0">
  <testcase classname="com.mbm.maven.AppTest" name="loginTest1" time="0.203"/>
  <system-out/>
  <testcase classname="com.mbm.maven.AppTest" name="loginTest2" time="0.005"/>
  <system-out/>
</testsuite> <!-- com.mbm.maven.AppTest -->
