<?xml version="1.0" encoding="UTF-8"?>
<!-- Generated by org.testng.reporters.JUnitReportReporter -->
<testsuite hostname="DESKTOP-HPNOI30" failures="0" tests="1" name="com.mbm.maven.TC_Login" time="56.774" errors="0" timestamp="2023-02-07T16:04:52 IST" skipped="0">
  <testcase classname="com.mbm.maven.TC_Login" name="loginTest" time="56.774"/>
  <system-out/>
</testsuite> <!-- com.mbm.maven.TC_Login -->
